<?xml version="1.0" encoding="UTF-8"?>
<!-- Generated by org.testng.reporters.JUnitXMLReporter -->
<testsuite hostname="LAPTOP-U8J6L2EU" name="Default test" tests="3" failures="0" timestamp="10 Sep 2024 06:18:22 GMT" time="74.634" errors="0">
  <testcase name="LaptopTest" time="21.89" classname="popularitesItems.PopularItemsTest"/>
  <testcase name="SpeakerTest" time="21.343" classname="popularitesItems.PopularItemsTest"/>
  <testcase name="TabletTest" time="21.434" classname="popularitesItems.PopularItemsTest"/>
</testsuite> <!-- Default test -->
